<!DOCTYPE html PUBLIC "-//W3C//DTD XHTML 1.1//EN" "http://www.w3.org/TR/xhtml11/DTD/xhtml11.dtd">
<html xmlns="http://www.w3.org/1999/xhtml">
<head>
<meta http-equiv="content-type" content="text/html; charset=UTF-8"/>
<title>TestNG Report</title>
<style type="text/css">table {margin-bottom:10px;border-collapse:collapse;empty-cells:show}th,td {border:1px solid #009;padding:.25em .5em}th {vertical-align:bottom}td {vertical-align:top}table a {font-weight:bold}.stripe td {background-color: #E6EBF9}.num {text-align:right}.passedodd td {background-color: #3F3}.passedeven td {background-color: #0A0}.skippedodd td {background-color: #DDD}.skippedeven td {background-color: #CCC}.failedodd td,.attn {background-color: #F33}.failedeven td,.stripe .attn {background-color: #D00}.stacktrace {white-space:pre;font-family:monospace}.totop {font-size:85%;text-align:center;border-bottom:2px solid #000}.invisible {display:none}</style>
</head>
<body>
<table>
<tr><th>Test</th><th># Passed</th><th># Skipped</th><th># Failed</th><th>Time (ms)</th><th>Included Groups</th><th>Excluded Groups</th></tr>
<tr><th colspan="7">TestSuite</th></tr>
<tr><td><a href="#t0">UnitTesting</a></td><td class="num">2</td><td class="num">0</td><td class="num attn">1</td><td class="num">28,491</td><td></td><td></td></tr>
<tr class="stripe"><td><a href="#t1">IntegrationTesting</a></td><td class="num">2</td><td class="num">0</td><td class="num attn">1</td><td class="num">24,710</td><td></td><td></td></tr>
<tr><th>Total</th><th class="num">4</th><th class="num">0</th><th class="num attn">2</th><th class="num">53,201</th><th colspan="2"></th></tr>
</table>
<table id='summary'><thead><tr><th>Class</th><th>Method</th><th>Start</th><th>Time (ms)</th></tr></thead><tbody><tr><th colspan="4">TestSuite</th></tr></tbody><tbody id="t0"><tr><th colspan="4">UnitTesting &#8212; failed</th></tr><tr class="failedeven"><td rowspan="1">com.unitTestCases.TC_LaunchGoogleSearch2</td><td><a href="#m0">TestMethodTwo</a></td><td rowspan="1">1572727354576</td><td rowspan="1">63</td></tr><tr><th colspan="4">UnitTesting &#8212; passed</th></tr><tr class="passedeven"><td rowspan="1">com.unitTestCases.TC_LaunchGoogleSearch1</td><td><a href="#m1">TestMethodOne</a></td><td rowspan="1">1572727349216</td><td rowspan="1">949</td></tr><tr class="passedodd"><td rowspan="1">com.unitTestCases.TC_LaunchGoogleSearch3</td><td><a href="#m2">TestMethodThree</a></td><td rowspan="1">1572727354628</td><td rowspan="1">469</td></tr></tbody>
<tbody id="t1"><tr><th colspan="4">IntegrationTesting &#8212; failed</th></tr><tr class="failedeven"><td rowspan="1">com.unitTestCases.TC_LaunchGoogleSearch2</td><td><a href="#m3">TestMethodTwo</a></td><td rowspan="1">1572727378058</td><td rowspan="1">26</td></tr><tr><th colspan="4">IntegrationTesting &#8212; passed</th></tr><tr class="passedeven"><td rowspan="1">com.unitTestCases.TC_LaunchGoogleSearch1</td><td><a href="#m4">TestMethodOne</a></td><td rowspan="1">1572727375532</td><td rowspan="1">566</td></tr><tr class="passedodd"><td rowspan="1">com.unitTestCases.TC_LaunchGoogleSearch3</td><td><a href="#m5">TestMethodThree</a></td><td rowspan="1">1572727378030</td><td rowspan="1">384</td></tr></tbody>
</table>
<h2>UnitTesting</h2><h3 id="m0">com.unitTestCases.TC_LaunchGoogleSearch2#TestMethodTwo</h3><table class="result"><tr><th>Exception</th></tr><tr><td><div class="stacktrace">java.lang.Exception: Page Title expected value: Googl is not matching with actual value: Google
	at com.pageObjects.GooglePage.AT(GooglePage.java:44)
	at com.unitTestCases.TC_LaunchGoogleSearch2.TestMethodTwo(TC_LaunchGoogleSearch2.java:18)
	at java.util.concurrent.ThreadPoolExecutor.runWorker(ThreadPoolExecutor.java:1142)
	at java.util.concurrent.ThreadPoolExecutor$Worker.run(ThreadPoolExecutor.java:617)
	at java.lang.Thread.run(Thread.java:745)
... Removed 10 stack frames</div></td></tr></table><p class="totop"><a href="#summary">back to summary</a></p>
<h3 id="m1">com.unitTestCases.TC_LaunchGoogleSearch1#TestMethodOne</h3><table class="result"><tr class="param"><th>Parameter #1</th></tr><tr class="param stripe"><td>com.DataFolder.TestEntity@195c6fc</td></tr></table><p class="totop"><a href="#summary">back to summary</a></p>
<h3 id="m2">com.unitTestCases.TC_LaunchGoogleSearch3#TestMethodThree</h3><table class="result"><tr><th class="invisible"/></tr></table><p class="totop"><a href="#summary">back to summary</a></p>
<h2>IntegrationTesting</h2><h3 id="m3">com.unitTestCases.TC_LaunchGoogleSearch2#TestMethodTwo</h3><table class="result"><tr><th>Exception</th></tr><tr><td><div class="stacktrace">java.lang.Exception: Page Title expected value: Googl is not matching with actual value: Google
	at com.pageObjects.GooglePage.AT(GooglePage.java:44)
	at com.unitTestCases.TC_LaunchGoogleSearch2.TestMethodTwo(TC_LaunchGoogleSearch2.java:18)
	at java.util.concurrent.ThreadPoolExecutor.runWorker(ThreadPoolExecutor.java:1142)
	at java.util.concurrent.ThreadPoolExecutor$Worker.run(ThreadPoolExecutor.java:617)
	at java.lang.Thread.run(Thread.java:745)
... Removed 10 stack frames</div></td></tr></table><p class="totop"><a href="#summary">back to summary</a></p>
<h3 id="m4">com.unitTestCases.TC_LaunchGoogleSearch1#TestMethodOne</h3><table class="result"><tr class="param"><th>Parameter #1</th></tr><tr class="param stripe"><td>com.DataFolder.TestEntity@8cdd42</td></tr></table><p class="totop"><a href="#summary">back to summary</a></p>
<h3 id="m5">com.unitTestCases.TC_LaunchGoogleSearch3#TestMethodThree</h3><table class="result"><tr><th class="invisible"/></tr></table><p class="totop"><a href="#summary">back to summary</a></p>
</body>
</html>
