<?xml version="1.0" encoding="UTF-8"?>
<!-- Generated by org.testng.reporters.JUnitReportReporter -->
<testsuite skipped="0" hostname="Hunza-PC" name="com.unitTestCases.TC_LaunchGoogleSearch2" tests="2" failures="0" timestamp="02 Nov 2019 20:43:02 GMT" time="0.492" errors="2">
  <testcase name="TestMethodTwo" time="0.278" classname="com.unitTestCases.TC_LaunchGoogleSearch2">
    <error type="java.lang.Exception" message="Page Title expected value: Googl is not matching with actual value: Google">
      <![CDATA[java.lang.Exception: Page Title expected value: Googl is not matching with actual value: Google
at com.pageObjects.GooglePage.AT(GooglePage.java:44)
at com.unitTestCases.TC_LaunchGoogleSearch2.TestMethodTwo(TC_LaunchGoogleSearch2.java:18)
at sun.reflect.NativeMethodAccessorImpl.invoke0(Native Method)
at sun.reflect.NativeMethodAccessorImpl.invoke(NativeMethodAccessorImpl.java:62)
at sun.reflect.DelegatingMethodAccessorImpl.invoke(DelegatingMethodAccessorImpl.java:43)
at java.lang.reflect.Method.invoke(Method.java:498)
at org.testng.internal.MethodInvocationHelper.invokeMethod(MethodInvocationHelper.java:124)
at org.testng.internal.Invoker.invokeMethod(Invoker.java:580)
at org.testng.internal.Invoker.invokeTestMethod(Invoker.java:716)
at org.testng.internal.Invoker.invokeTestMethods(Invoker.java:988)
at org.testng.internal.TestMethodWorker.invokeTestMethods(TestMethodWorker.java:125)
at org.testng.internal.TestMethodWorker.run(TestMethodWorker.java:109)
at java.util.concurrent.ThreadPoolExecutor.runWorker(ThreadPoolExecutor.java:1142)
at java.util.concurrent.ThreadPoolExecutor$Worker.run(ThreadPoolExecutor.java:617)
at java.lang.Thread.run(Thread.java:745)
]]>
    </error>
  </testcase> <!-- TestMethodTwo -->
  <testcase name="TestMethodTwo" time="0.214" classname="com.unitTestCases.TC_LaunchGoogleSearch2">
    <error type="java.lang.Exception" message="Page Title expected value: Googl is not matching with actual value: Google">
      <![CDATA[java.lang.Exception: Page Title expected value: Googl is not matching with actual value: Google
at com.pageObjects.GooglePage.AT(GooglePage.java:44)
at com.unitTestCases.TC_LaunchGoogleSearch2.TestMethodTwo(TC_LaunchGoogleSearch2.java:18)
at sun.reflect.NativeMethodAccessorImpl.invoke0(Native Method)
at sun.reflect.NativeMethodAccessorImpl.invoke(NativeMethodAccessorImpl.java:62)
at sun.reflect.DelegatingMethodAccessorImpl.invoke(DelegatingMethodAccessorImpl.java:43)
at java.lang.reflect.Method.invoke(Method.java:498)
at org.testng.internal.MethodInvocationHelper.invokeMethod(MethodInvocationHelper.java:124)
at org.testng.internal.Invoker.invokeMethod(Invoker.java:580)
at org.testng.internal.Invoker.invokeTestMethod(Invoker.java:716)
at org.testng.internal.Invoker.invokeTestMethods(Invoker.java:988)
at org.testng.internal.TestMethodWorker.invokeTestMethods(TestMethodWorker.java:125)
at org.testng.internal.TestMethodWorker.run(TestMethodWorker.java:109)
at java.util.concurrent.ThreadPoolExecutor.runWorker(ThreadPoolExecutor.java:1142)
at java.util.concurrent.ThreadPoolExecutor$Worker.run(ThreadPoolExecutor.java:617)
at java.lang.Thread.run(Thread.java:745)
]]>
    </error>
  </testcase> <!-- TestMethodTwo -->
</testsuite> <!-- com.unitTestCases.TC_LaunchGoogleSearch2 -->
